{"/Users/julie/Projects/weekend tasks/Places - End project/server/constants/constants.js": {"path":"/Users/julie/Projects/weekend tasks/Places - End project/server/constants/constants.js","statementMap":{"0":{"start":{"line":1,"column":15},"end":{"line":53,"column":1}},"1":{"start":{"line":55,"column":17},"end":{"line":57,"column":1}},"2":{"start":{"line":59,"column":0},"end":{"line":59,"column":38}}},"fnMap":{},"branchMap":{},"s":{"0":1,"1":1,"2":1},"f":{},"b":{},"_coverageSchema":"1a1c01bbd47fc00a2c39e90264f33305004495a9","hash":"492e59c134907fe2ec875a271e285a872c2e663c"}
,"/Users/julie/Projects/weekend tasks/Places - End project/server/services/api.service.js": {"path":"/Users/julie/Projects/weekend tasks/Places - End project/server/services/api.service.js","statementMap":{"0":{"start":{"line":1,"column":14},"end":{"line":1,"column":30}},"1":{"start":{"line":3,"column":15},"end":{"line":12,"column":1}},"2":{"start":{"line":4,"column":2},"end":{"line":11,"column":3}},"3":{"start":{"line":5,"column":21},"end":{"line":7,"column":6}},"4":{"start":{"line":8,"column":4},"end":{"line":8,"column":16}},"5":{"start":{"line":10,"column":4},"end":{"line":10,"column":23}},"6":{"start":{"line":15,"column":15},"end":{"line":15,"column":29}},"7":{"start":{"line":17,"column":27},"end":{"line":27,"column":4}},"8":{"start":{"line":18,"column":18},"end":{"line":18,"column":35}},"9":{"start":{"line":19,"column":17},"end":{"line":19,"column":29}},"10":{"start":{"line":20,"column":20},"end":{"line":20,"column":35}},"11":{"start":{"line":22,"column":4},"end":{"line":26,"column":5}},"12":{"start":{"line":23,"column":6},"end":{"line":23,"column":59}},"13":{"start":{"line":25,"column":6},"end":{"line":25,"column":72}},"14":{"start":{"line":29,"column":2},"end":{"line":29,"column":26}},"15":{"start":{"line":33,"column":2},"end":{"line":35,"column":3}},"16":{"start":{"line":34,"column":4},"end":{"line":34,"column":72}},"17":{"start":{"line":36,"column":2},"end":{"line":38,"column":3}},"18":{"start":{"line":37,"column":4},"end":{"line":37,"column":73}},"19":{"start":{"line":42,"column":20},"end":{"line":42,"column":38}},"20":{"start":{"line":43,"column":21},"end":{"line":43,"column":64}},"21":{"start":{"line":43,"column":48},"end":{"line":43,"column":63}},"22":{"start":{"line":44,"column":2},"end":{"line":44,"column":22}},"23":{"start":{"line":47,"column":0},"end":{"line":47,"column":76}}},"fnMap":{"0":{"name":"(anonymous_0)","decl":{"start":{"line":3,"column":15},"end":{"line":3,"column":16}},"loc":{"start":{"line":3,"column":27},"end":{"line":12,"column":1}},"line":3},"1":{"name":"cleanedCountries","decl":{"start":{"line":14,"column":15},"end":{"line":14,"column":31}},"loc":{"start":{"line":14,"column":34},"end":{"line":30,"column":1}},"line":14},"2":{"name":"(anonymous_2)","decl":{"start":{"line":17,"column":36},"end":{"line":17,"column":37}},"loc":{"start":{"line":17,"column":47},"end":{"line":27,"column":3}},"line":17},"3":{"name":"handleApiMistakes","decl":{"start":{"line":32,"column":9},"end":{"line":32,"column":26}},"loc":{"start":{"line":32,"column":55},"end":{"line":39,"column":1}},"line":32},"4":{"name":"getCountriesNames","decl":{"start":{"line":41,"column":15},"end":{"line":41,"column":32}},"loc":{"start":{"line":41,"column":35},"end":{"line":45,"column":1}},"line":41},"5":{"name":"(anonymous_5)","decl":{"start":{"line":43,"column":35},"end":{"line":43,"column":36}},"loc":{"start":{"line":43,"column":48},"end":{"line":43,"column":63}},"line":43}},"branchMap":{"0":{"loc":{"start":{"line":22,"column":4},"end":{"line":26,"column":5}},"type":"if","locations":[{"start":{"line":22,"column":4},"end":{"line":26,"column":5}},{"start":{"line":24,"column":11},"end":{"line":26,"column":5}}],"line":22},"1":{"loc":{"start":{"line":22,"column":8},"end":{"line":22,"column":56}},"type":"binary-expr","locations":[{"start":{"line":22,"column":8},"end":{"line":22,"column":31}},{"start":{"line":22,"column":35},"end":{"line":22,"column":56}}],"line":22},"2":{"loc":{"start":{"line":33,"column":2},"end":{"line":35,"column":3}},"type":"if","locations":[{"start":{"line":33,"column":2},"end":{"line":35,"column":3}},{"start":{},"end":{}}],"line":33},"3":{"loc":{"start":{"line":36,"column":2},"end":{"line":38,"column":3}},"type":"if","locations":[{"start":{"line":36,"column":2},"end":{"line":38,"column":3}},{"start":{},"end":{}}],"line":36}},"s":{"0":2,"1":2,"2":0,"3":0,"4":0,"5":0,"6":0,"7":0,"8":0,"9":0,"10":0,"11":0,"12":0,"13":0,"14":0,"15":2,"16":1,"17":1,"18":1,"19":0,"20":0,"21":0,"22":0,"23":2},"f":{"0":0,"1":0,"2":0,"3":2,"4":0,"5":0},"b":{"0":[0,0],"1":[0,0],"2":[1,1],"3":[1,0]},"_coverageSchema":"1a1c01bbd47fc00a2c39e90264f33305004495a9","hash":"24b9a2bbbf274ce21977ca95e144044affb9b0bc"}
,"/Users/julie/Projects/weekend tasks/Places - End project/server/services/scraper.service.js": {"path":"/Users/julie/Projects/weekend tasks/Places - End project/server/services/scraper.service.js","statementMap":{"0":{"start":{"line":1,"column":18},"end":{"line":1,"column":44}},"1":{"start":{"line":2,"column":24},"end":{"line":2,"column":67}},"2":{"start":{"line":3,"column":0},"end":{"line":3,"column":33}},"3":{"start":{"line":5,"column":30},"end":{"line":5,"column":57}},"4":{"start":{"line":6,"column":29},"end":{"line":6,"column":62}},"5":{"start":{"line":8,"column":16},"end":{"line":8,"column":74}},"6":{"start":{"line":9,"column":16},"end":{"line":9,"column":74}},"7":{"start":{"line":10,"column":16},"end":{"line":10,"column":74}},"8":{"start":{"line":13,"column":18},"end":{"line":13,"column":61}},"9":{"start":{"line":14,"column":15},"end":{"line":14,"column":38}},"10":{"start":{"line":15,"column":2},"end":{"line":18,"column":5}},"11":{"start":{"line":19,"column":16},"end":{"line":19,"column":18}},"12":{"start":{"line":20,"column":19},"end":{"line":20,"column":21}},"13":{"start":{"line":21,"column":22},"end":{"line":21,"column":57}},"14":{"start":{"line":22,"column":22},"end":{"line":22,"column":57}},"15":{"start":{"line":23,"column":22},"end":{"line":23,"column":45}},"16":{"start":{"line":25,"column":2},"end":{"line":25,"column":47}},"17":{"start":{"line":27,"column":25},"end":{"line":27,"column":63}},"18":{"start":{"line":28,"column":22},"end":{"line":28,"column":58}},"19":{"start":{"line":30,"column":2},"end":{"line":30,"column":47}},"20":{"start":{"line":31,"column":2},"end":{"line":31,"column":24}},"21":{"start":{"line":32,"column":2},"end":{"line":32,"column":17}},"22":{"start":{"line":36,"column":17},"end":{"line":36,"column":19}},"23":{"start":{"line":37,"column":2},"end":{"line":40,"column":3}},"24":{"start":{"line":37,"column":15},"end":{"line":37,"column":16}},"25":{"start":{"line":38,"column":4},"end":{"line":38,"column":40}},"26":{"start":{"line":39,"column":4},"end":{"line":39,"column":28}},"27":{"start":{"line":41,"column":2},"end":{"line":41,"column":18}},"28":{"start":{"line":45,"column":17},"end":{"line":45,"column":19}},"29":{"start":{"line":46,"column":2},"end":{"line":58,"column":3}},"30":{"start":{"line":46,"column":15},"end":{"line":46,"column":16}},"31":{"start":{"line":47,"column":4},"end":{"line":47,"column":35}},"32":{"start":{"line":48,"column":4},"end":{"line":48,"column":31}},"33":{"start":{"line":50,"column":20},"end":{"line":53,"column":6}},"34":{"start":{"line":51,"column":20},"end":{"line":51,"column":65}},"35":{"start":{"line":52,"column":6},"end":{"line":52,"column":19}},"36":{"start":{"line":56,"column":4},"end":{"line":56,"column":41}},"37":{"start":{"line":57,"column":4},"end":{"line":57,"column":28}},"38":{"start":{"line":59,"column":2},"end":{"line":59,"column":18}},"39":{"start":{"line":63,"column":2},"end":{"line":63,"column":27}},"40":{"start":{"line":64,"column":2},"end":{"line":64,"column":29}},"41":{"start":{"line":66,"column":18},"end":{"line":107,"column":4}},"42":{"start":{"line":67,"column":18},"end":{"line":67,"column":20}},"43":{"start":{"line":68,"column":19},"end":{"line":68,"column":75}},"44":{"start":{"line":70,"column":4},"end":{"line":105,"column":5}},"45":{"start":{"line":70,"column":17},"end":{"line":70,"column":18}},"46":{"start":{"line":71,"column":18},"end":{"line":71,"column":27}},"47":{"start":{"line":72,"column":19},"end":{"line":74,"column":33}},"48":{"start":{"line":75,"column":16},"end":{"line":77,"column":33}},"49":{"start":{"line":78,"column":17},"end":{"line":78,"column":46}},"50":{"start":{"line":80,"column":22},"end":{"line":80,"column":59}},"51":{"start":{"line":82,"column":6},"end":{"line":104,"column":7}},"52":{"start":{"line":83,"column":30},"end":{"line":83,"column":49}},"53":{"start":{"line":84,"column":8},"end":{"line":91,"column":11}},"54":{"start":{"line":92,"column":13},"end":{"line":104,"column":7}},"55":{"start":{"line":93,"column":30},"end":{"line":93,"column":49}},"56":{"start":{"line":94,"column":8},"end":{"line":101,"column":11}},"57":{"start":{"line":103,"column":8},"end":{"line":103,"column":17}},"58":{"start":{"line":106,"column":4},"end":{"line":106,"column":19}},"59":{"start":{"line":109,"column":26},"end":{"line":109,"column":54}},"60":{"start":{"line":111,"column":2},"end":{"line":111,"column":25}},"61":{"start":{"line":115,"column":2},"end":{"line":115,"column":27}},"62":{"start":{"line":116,"column":2},"end":{"line":116,"column":29}},"63":{"start":{"line":118,"column":18},"end":{"line":159,"column":4}},"64":{"start":{"line":119,"column":18},"end":{"line":119,"column":20}},"65":{"start":{"line":120,"column":19},"end":{"line":120,"column":58}},"66":{"start":{"line":122,"column":4},"end":{"line":157,"column":5}},"67":{"start":{"line":122,"column":17},"end":{"line":122,"column":18}},"68":{"start":{"line":123,"column":18},"end":{"line":123,"column":27}},"69":{"start":{"line":124,"column":19},"end":{"line":124,"column":67}},"70":{"start":{"line":125,"column":16},"end":{"line":125,"column":64}},"71":{"start":{"line":126,"column":17},"end":{"line":126,"column":59}},"72":{"start":{"line":128,"column":18},"end":{"line":128,"column":70}},"73":{"start":{"line":129,"column":22},"end":{"line":131,"column":17}},"74":{"start":{"line":133,"column":6},"end":{"line":153,"column":7}},"75":{"start":{"line":134,"column":30},"end":{"line":134,"column":49}},"76":{"start":{"line":135,"column":8},"end":{"line":142,"column":11}},"77":{"start":{"line":143,"column":13},"end":{"line":153,"column":7}},"78":{"start":{"line":144,"column":30},"end":{"line":144,"column":49}},"79":{"start":{"line":145,"column":8},"end":{"line":152,"column":11}},"80":{"start":{"line":155,"column":8},"end":{"line":155,"column":17}},"81":{"start":{"line":158,"column":4},"end":{"line":158,"column":19}},"82":{"start":{"line":161,"column":26},"end":{"line":161,"column":54}},"83":{"start":{"line":163,"column":2},"end":{"line":163,"column":25}},"84":{"start":{"line":166,"column":22},"end":{"line":204,"column":1}},"85":{"start":{"line":167,"column":25},"end":{"line":167,"column":50}},"86":{"start":{"line":168,"column":19},"end":{"line":168,"column":25}},"87":{"start":{"line":169,"column":19},"end":{"line":169,"column":27}},"88":{"start":{"line":170,"column":24},"end":{"line":170,"column":26}},"89":{"start":{"line":171,"column":2},"end":{"line":202,"column":3}},"90":{"start":{"line":171,"column":15},"end":{"line":171,"column":16}},"91":{"start":{"line":172,"column":4},"end":{"line":201,"column":5}},"92":{"start":{"line":173,"column":6},"end":{"line":173,"column":44}},"93":{"start":{"line":174,"column":11},"end":{"line":201,"column":5}},"94":{"start":{"line":175,"column":26},"end":{"line":175,"column":79}},"95":{"start":{"line":176,"column":6},"end":{"line":176,"column":42}},"96":{"start":{"line":177,"column":11},"end":{"line":201,"column":5}},"97":{"start":{"line":178,"column":28},"end":{"line":181,"column":7}},"98":{"start":{"line":182,"column":6},"end":{"line":182,"column":42}},"99":{"start":{"line":183,"column":11},"end":{"line":201,"column":5}},"100":{"start":{"line":187,"column":28},"end":{"line":190,"column":7}},"101":{"start":{"line":191,"column":6},"end":{"line":191,"column":42}},"102":{"start":{"line":192,"column":11},"end":{"line":201,"column":5}},"103":{"start":{"line":196,"column":28},"end":{"line":199,"column":7}},"104":{"start":{"line":200,"column":6},"end":{"line":200,"column":42}},"105":{"start":{"line":203,"column":2},"end":{"line":203,"column":25}},"106":{"start":{"line":207,"column":22},"end":{"line":207,"column":43}},"107":{"start":{"line":208,"column":2},"end":{"line":208,"column":73}},"108":{"start":{"line":209,"column":2},"end":{"line":209,"column":38}},"109":{"start":{"line":210,"column":2},"end":{"line":210,"column":23}},"110":{"start":{"line":214,"column":22},"end":{"line":214,"column":43}},"111":{"start":{"line":215,"column":2},"end":{"line":215,"column":39}},"112":{"start":{"line":216,"column":2},"end":{"line":216,"column":23}},"113":{"start":{"line":220,"column":19},"end":{"line":220,"column":22}},"114":{"start":{"line":221,"column":16},"end":{"line":221,"column":19}},"115":{"start":{"line":222,"column":2},"end":{"line":233,"column":3}},"116":{"start":{"line":225,"column":8},"end":{"line":226,"column":46}},"117":{"start":{"line":229,"column":4},"end":{"line":231,"column":17}},"118":{"start":{"line":230,"column":6},"end":{"line":230,"column":47}},"119":{"start":{"line":232,"column":4},"end":{"line":232,"column":37}},"120":{"start":{"line":236,"column":0},"end":{"line":236,"column":61}}},"fnMap":{"0":{"name":"scraper","decl":{"start":{"line":12,"column":15},"end":{"line":12,"column":22}},"loc":{"start":{"line":12,"column":25},"end":{"line":33,"column":1}},"line":12},"1":{"name":"addInfo2021","decl":{"start":{"line":35,"column":15},"end":{"line":35,"column":26}},"loc":{"start":{"line":35,"column":40},"end":{"line":42,"column":1}},"line":35},"2":{"name":"addInfoRegural","decl":{"start":{"line":44,"column":15},"end":{"line":44,"column":29}},"loc":{"start":{"line":44,"column":43},"end":{"line":60,"column":1}},"line":44},"3":{"name":"(anonymous_3)","decl":{"start":{"line":50,"column":40},"end":{"line":50,"column":41}},"loc":{"start":{"line":50,"column":52},"end":{"line":53,"column":5}},"line":50},"4":{"name":"getData2021","decl":{"start":{"line":62,"column":15},"end":{"line":62,"column":26}},"loc":{"start":{"line":62,"column":33},"end":{"line":112,"column":1}},"line":62},"5":{"name":"(anonymous_5)","decl":{"start":{"line":66,"column":38},"end":{"line":66,"column":39}},"loc":{"start":{"line":66,"column":50},"end":{"line":107,"column":3}},"line":66},"6":{"name":"getDataRegular","decl":{"start":{"line":114,"column":15},"end":{"line":114,"column":29}},"loc":{"start":{"line":114,"column":45},"end":{"line":164,"column":1}},"line":114},"7":{"name":"(anonymous_7)","decl":{"start":{"line":118,"column":38},"end":{"line":118,"column":39}},"loc":{"start":{"line":118,"column":50},"end":{"line":159,"column":3}},"line":118},"8":{"name":"(anonymous_8)","decl":{"start":{"line":166,"column":22},"end":{"line":166,"column":23}},"loc":{"start":{"line":166,"column":46},"end":{"line":204,"column":1}},"line":166},"9":{"name":"checkLocation","decl":{"start":{"line":206,"column":15},"end":{"line":206,"column":28}},"loc":{"start":{"line":206,"column":50},"end":{"line":211,"column":1}},"line":206},"10":{"name":"clarifyLocation","decl":{"start":{"line":213,"column":15},"end":{"line":213,"column":30}},"loc":{"start":{"line":213,"column":53},"end":{"line":217,"column":1}},"line":213},"11":{"name":"scrollToBottom","decl":{"start":{"line":219,"column":15},"end":{"line":219,"column":29}},"loc":{"start":{"line":219,"column":36},"end":{"line":234,"column":1}},"line":219},"12":{"name":"(anonymous_12)","decl":{"start":{"line":224,"column":6},"end":{"line":224,"column":7}},"loc":{"start":{"line":225,"column":8},"end":{"line":226,"column":46}},"line":225},"13":{"name":"(anonymous_13)","decl":{"start":{"line":229,"column":24},"end":{"line":229,"column":25}},"loc":{"start":{"line":229,"column":31},"end":{"line":231,"column":5}},"line":229}},"branchMap":{"0":{"loc":{"start":{"line":82,"column":6},"end":{"line":104,"column":7}},"type":"if","locations":[{"start":{"line":82,"column":6},"end":{"line":104,"column":7}},{"start":{"line":92,"column":13},"end":{"line":104,"column":7}}],"line":82},"1":{"loc":{"start":{"line":92,"column":13},"end":{"line":104,"column":7}},"type":"if","locations":[{"start":{"line":92,"column":13},"end":{"line":104,"column":7}},{"start":{"line":102,"column":13},"end":{"line":104,"column":7}}],"line":92},"2":{"loc":{"start":{"line":92,"column":17},"end":{"line":92,"column":68}},"type":"binary-expr","locations":[{"start":{"line":92,"column":17},"end":{"line":92,"column":40}},{"start":{"line":92,"column":44},"end":{"line":92,"column":68}}],"line":92},"3":{"loc":{"start":{"line":133,"column":6},"end":{"line":153,"column":7}},"type":"if","locations":[{"start":{"line":133,"column":6},"end":{"line":153,"column":7}},{"start":{"line":143,"column":13},"end":{"line":153,"column":7}}],"line":133},"4":{"loc":{"start":{"line":143,"column":13},"end":{"line":153,"column":7}},"type":"if","locations":[{"start":{"line":143,"column":13},"end":{"line":153,"column":7}},{"start":{},"end":{}}],"line":143},"5":{"loc":{"start":{"line":143,"column":17},"end":{"line":143,"column":68}},"type":"binary-expr","locations":[{"start":{"line":143,"column":17},"end":{"line":143,"column":40}},{"start":{"line":143,"column":44},"end":{"line":143,"column":68}}],"line":143},"6":{"loc":{"start":{"line":172,"column":4},"end":{"line":201,"column":5}},"type":"if","locations":[{"start":{"line":172,"column":4},"end":{"line":201,"column":5}},{"start":{"line":174,"column":11},"end":{"line":201,"column":5}}],"line":172},"7":{"loc":{"start":{"line":174,"column":11},"end":{"line":201,"column":5}},"type":"if","locations":[{"start":{"line":174,"column":11},"end":{"line":201,"column":5}},{"start":{"line":177,"column":11},"end":{"line":201,"column":5}}],"line":174},"8":{"loc":{"start":{"line":177,"column":11},"end":{"line":201,"column":5}},"type":"if","locations":[{"start":{"line":177,"column":11},"end":{"line":201,"column":5}},{"start":{"line":183,"column":11},"end":{"line":201,"column":5}}],"line":177},"9":{"loc":{"start":{"line":183,"column":11},"end":{"line":201,"column":5}},"type":"if","locations":[{"start":{"line":183,"column":11},"end":{"line":201,"column":5}},{"start":{"line":192,"column":11},"end":{"line":201,"column":5}}],"line":183},"10":{"loc":{"start":{"line":184,"column":6},"end":{"line":185,"column":40}},"type":"binary-expr","locations":[{"start":{"line":184,"column":6},"end":{"line":184,"column":38}},{"start":{"line":185,"column":6},"end":{"line":185,"column":40}}],"line":184},"11":{"loc":{"start":{"line":192,"column":11},"end":{"line":201,"column":5}},"type":"if","locations":[{"start":{"line":192,"column":11},"end":{"line":201,"column":5}},{"start":{},"end":{}}],"line":192},"12":{"loc":{"start":{"line":193,"column":6},"end":{"line":194,"column":51}},"type":"binary-expr","locations":[{"start":{"line":193,"column":6},"end":{"line":193,"column":39}},{"start":{"line":194,"column":6},"end":{"line":194,"column":51}}],"line":193}},"s":{"0":1,"1":1,"2":1,"3":1,"4":1,"5":1,"6":1,"7":1,"8":0,"9":0,"10":0,"11":0,"12":0,"13":0,"14":0,"15":0,"16":0,"17":0,"18":0,"19":0,"20":0,"21":0,"22":0,"23":0,"24":0,"25":0,"26":0,"27":0,"28":0,"29":0,"30":0,"31":0,"32":0,"33":0,"34":0,"35":0,"36":0,"37":0,"38":0,"39":0,"40":0,"41":0,"42":0,"43":0,"44":0,"45":0,"46":0,"47":0,"48":0,"49":0,"50":0,"51":0,"52":0,"53":0,"54":0,"55":0,"56":0,"57":0,"58":0,"59":0,"60":0,"61":0,"62":0,"63":0,"64":0,"65":0,"66":0,"67":0,"68":0,"69":0,"70":0,"71":0,"72":0,"73":0,"74":0,"75":0,"76":0,"77":0,"78":0,"79":0,"80":0,"81":0,"82":0,"83":0,"84":1,"85":0,"86":0,"87":0,"88":0,"89":0,"90":0,"91":0,"92":0,"93":0,"94":0,"95":0,"96":0,"97":0,"98":0,"99":0,"100":0,"101":0,"102":0,"103":0,"104":0,"105":0,"106":1,"107":1,"108":1,"109":1,"110":1,"111":1,"112":1,"113":0,"114":0,"115":0,"116":0,"117":0,"118":0,"119":0,"120":1},"f":{"0":0,"1":0,"2":0,"3":0,"4":0,"5":0,"6":0,"7":0,"8":0,"9":1,"10":1,"11":0,"12":0,"13":0},"b":{"0":[0,0],"1":[0,0],"2":[0,0],"3":[0,0],"4":[0,0],"5":[0,0],"6":[0,0],"7":[0,0],"8":[0,0],"9":[0,0],"10":[0,0],"11":[0,0],"12":[0,0]},"_coverageSchema":"1a1c01bbd47fc00a2c39e90264f33305004495a9","hash":"0a7ee209e7cecab140acf550d4cda293bb36dc82"}
,"/Users/julie/Projects/weekend tasks/Places - End project/server/services/utils.js": {"path":"/Users/julie/Projects/weekend tasks/Places - End project/server/services/utils.js","statementMap":{"0":{"start":{"line":1,"column":26},"end":{"line":4,"column":1}},"1":{"start":{"line":2,"column":19},"end":{"line":2,"column":65}},"2":{"start":{"line":2,"column":50},"end":{"line":2,"column":64}},"3":{"start":{"line":3,"column":2},"end":{"line":3,"column":18}},"4":{"start":{"line":6,"column":0},"end":{"line":6,"column":39}}},"fnMap":{"0":{"name":"(anonymous_0)","decl":{"start":{"line":1,"column":26},"end":{"line":1,"column":27}},"loc":{"start":{"line":1,"column":46},"end":{"line":4,"column":1}},"line":1},"1":{"name":"(anonymous_1)","decl":{"start":{"line":2,"column":38},"end":{"line":2,"column":39}},"loc":{"start":{"line":2,"column":50},"end":{"line":2,"column":64}},"line":2}},"branchMap":{},"s":{"0":1,"1":2,"2":4,"3":2,"4":1},"f":{"0":2,"1":4},"b":{},"_coverageSchema":"1a1c01bbd47fc00a2c39e90264f33305004495a9","hash":"322f2a50601bd92480772dc1294ee6a76b1fcf9f"}
}
