TN:
SF:server/constants/constants.js
FNF:0
FNH:0
DA:1,1
DA:55,1
DA:59,1
LF:3
LH:3
BRF:0
BRH:0
end_of_record
TN:
SF:server/services/api.service.js
FN:3,(anonymous_0)
FN:14,cleanedCountries
FN:17,(anonymous_2)
FN:32,handleApiMistakes
FN:41,getCountriesNames
FN:43,(anonymous_5)
FNF:6
FNH:1
FNDA:0,(anonymous_0)
FNDA:0,cleanedCountries
FNDA:0,(anonymous_2)
FNDA:2,handleApiMistakes
FNDA:0,getCountriesNames
FNDA:0,(anonymous_5)
DA:1,2
DA:3,2
DA:4,0
DA:5,0
DA:8,0
DA:10,0
DA:15,0
DA:17,0
DA:18,0
DA:19,0
DA:20,0
DA:22,0
DA:23,0
DA:25,0
DA:29,0
DA:33,2
DA:34,1
DA:36,1
DA:37,1
DA:42,0
DA:43,0
DA:44,0
DA:47,2
LF:23
LH:7
BRDA:22,0,0,0
BRDA:22,0,1,0
BRDA:22,1,0,0
BRDA:22,1,1,0
BRDA:33,2,0,1
BRDA:33,2,1,1
BRDA:36,3,0,1
BRDA:36,3,1,0
BRF:8
BRH:3
end_of_record
TN:
SF:server/services/scraper.service.js
FN:12,scraper
FN:35,addInfo2021
FN:44,addInfoRegural
FN:50,(anonymous_3)
FN:62,getData2021
FN:66,(anonymous_5)
FN:114,getDataRegular
FN:118,(anonymous_7)
FN:166,(anonymous_8)
FN:206,checkLocation
FN:213,clarifyLocation
FN:219,scrollToBottom
FN:224,(anonymous_12)
FN:229,(anonymous_13)
FNF:14
FNH:2
FNDA:0,scraper
FNDA:0,addInfo2021
FNDA:0,addInfoRegural
FNDA:0,(anonymous_3)
FNDA:0,getData2021
FNDA:0,(anonymous_5)
FNDA:0,getDataRegular
FNDA:0,(anonymous_7)
FNDA:0,(anonymous_8)
FNDA:1,checkLocation
FNDA:1,clarifyLocation
FNDA:0,scrollToBottom
FNDA:0,(anonymous_12)
FNDA:0,(anonymous_13)
DA:1,1
DA:2,1
DA:3,1
DA:5,1
DA:6,1
DA:8,1
DA:9,1
DA:10,1
DA:13,0
DA:14,0
DA:15,0
DA:19,0
DA:20,0
DA:21,0
DA:22,0
DA:23,0
DA:25,0
DA:27,0
DA:28,0
DA:30,0
DA:31,0
DA:32,0
DA:36,0
DA:37,0
DA:38,0
DA:39,0
DA:41,0
DA:45,0
DA:46,0
DA:47,0
DA:48,0
DA:50,0
DA:51,0
DA:52,0
DA:56,0
DA:57,0
DA:59,0
DA:63,0
DA:64,0
DA:66,0
DA:67,0
DA:68,0
DA:70,0
DA:71,0
DA:72,0
DA:75,0
DA:78,0
DA:80,0
DA:82,0
DA:83,0
DA:84,0
DA:92,0
DA:93,0
DA:94,0
DA:103,0
DA:106,0
DA:109,0
DA:111,0
DA:115,0
DA:116,0
DA:118,0
DA:119,0
DA:120,0
DA:122,0
DA:123,0
DA:124,0
DA:125,0
DA:126,0
DA:128,0
DA:129,0
DA:133,0
DA:134,0
DA:135,0
DA:143,0
DA:144,0
DA:145,0
DA:155,0
DA:158,0
DA:161,0
DA:163,0
DA:166,1
DA:167,0
DA:168,0
DA:169,0
DA:170,0
DA:171,0
DA:172,0
DA:173,0
DA:174,0
DA:175,0
DA:176,0
DA:177,0
DA:178,0
DA:182,0
DA:183,0
DA:187,0
DA:191,0
DA:192,0
DA:196,0
DA:200,0
DA:203,0
DA:207,1
DA:208,1
DA:209,1
DA:210,1
DA:214,1
DA:215,1
DA:216,1
DA:220,0
DA:221,0
DA:222,0
DA:225,0
DA:229,0
DA:230,0
DA:232,0
DA:236,1
LF:116
LH:17
BRDA:82,0,0,0
BRDA:82,0,1,0
BRDA:92,1,0,0
BRDA:92,1,1,0
BRDA:92,2,0,0
BRDA:92,2,1,0
BRDA:133,3,0,0
BRDA:133,3,1,0
BRDA:143,4,0,0
BRDA:143,4,1,0
BRDA:143,5,0,0
BRDA:143,5,1,0
BRDA:172,6,0,0
BRDA:172,6,1,0
BRDA:174,7,0,0
BRDA:174,7,1,0
BRDA:177,8,0,0
BRDA:177,8,1,0
BRDA:183,9,0,0
BRDA:183,9,1,0
BRDA:184,10,0,0
BRDA:184,10,1,0
BRDA:192,11,0,0
BRDA:192,11,1,0
BRDA:193,12,0,0
BRDA:193,12,1,0
BRF:26
BRH:0
end_of_record
TN:
SF:server/services/utils.js
FN:1,(anonymous_0)
FN:2,(anonymous_1)
FNF:2
FNH:2
FNDA:2,(anonymous_0)
FNDA:4,(anonymous_1)
DA:1,1
DA:2,4
DA:3,2
DA:6,1
LF:4
LH:4
BRF:0
BRH:0
end_of_record
